[2026-03-28 15:42:30] INFO: Server running on http://localhost:5000
[2026-03-28 15:46:02] INFO: Server running on http://localhost:5000
[2026-03-28 15:46:24] INFO: ----- New Consultation Request -----
[2026-03-28 15:46:24] INFO: Form data (safe): {"name":"Kumari Simran","email":"kumarisimran2018@gmail.com","mobile":"08292118212"}
[2026-03-28 15:46:24] INFO: Form data is valid
[2026-03-28 16:01:05] INFO: Server running on http://localhost:5000
[2026-03-28 16:01:09] INFO: ----- New Consultation Request -----
[2026-03-28 16:01:09] INFO: Form data (safe): {"name":"Kumari Simran","email":"kumarisimran2018@gmail.com","mobile":"08292118212"}
[2026-03-28 16:01:09] INFO: Form data is valid
[2026-03-28 16:29:31] INFO: Server running on http://localhost:5000
[2026-03-28 16:29:51] INFO: ----- New Consultation Request -----
[2026-03-28 16:29:51] INFO: Form data (safe): {"name":"Kumari Simran","email":"kumarisimran2018@gmail.com","mobile":"08292118212"}
[2026-03-28 16:29:51] INFO: Form data is valid
[2026-03-28 16:35:10] INFO: Server running on http://localhost:5000
[2026-03-28 16:35:29] INFO: ----- New Consultation Request -----
[2026-03-28 16:35:29] INFO: Form data (safe): {"name":"Kumari Simran","email":"kumarisimran2018@gmail.com","mobile":"08292118212"}
[2026-03-28 16:35:29] INFO: Form data is valid
[2026-03-28 16:40:17] INFO: ----- New Consultation Request -----
[2026-03-28 16:40:18] INFO: Form data (safe): {"name":"Kumari Simran","email":"kumarisimran2018@gmail.com","mobile":"08292118212"}
[2026-03-28 16:40:18] INFO: Form data is valid
[2026-03-28 16:59:32] INFO: Server running on http://localhost:5000
[2026-03-28 16:59:46] INFO: ----- New Consultation Request -----
[2026-03-28 16:59:46] INFO: Form data (safe): {"name":"Kumari Simran","email":"kumarisimran2018@gmail.com","mobile":"08292118212"}
[2026-03-28 16:59:46] INFO: Form data is valid
[2026-03-28 17:01:44] INFO: ----- New Consultation Request -----
[2026-03-28 17:01:44] ERROR: Validation failed: Missing fields: Mobile, Password
[2026-03-28 17:02:33] INFO: ----- New Consultation Request -----
[2026-03-28 17:02:33] INFO: Form data (safe): {"name":"Kumari Simran","email":"kumarisimran2018@gmail.com","mobile":"08292118212"}
[2026-03-28 17:02:33] INFO: Form data is valid
[2026-03-28 17:02:45] INFO: ----- New Consultation Request -----
[2026-03-28 17:02:45] ERROR: Validation failed: Missing fields: Mobile, Password
[2026-03-28 17:02:59] INFO: ----- New Consultation Request -----
[2026-03-28 17:02:59] ERROR: Validation failed: Missing fields: Mobile, Password
